# JRE version: 7.0_04-b20
# Java VM: Java HotSpot(TM) 64-Bit Server VM (23.0-b21 mixed mode linux-amd64 compressed oops)
Heap
 PSYoungGen      total 243200K, used 1298K [0x00000000f0000000, 0x00000000fee40000, 0x0000000100000000)
  eden space 243072K, 0% used [0x00000000f0000000,0x00000000f0144890,0x00000000fed60000)
  from space 128K, 0% used [0x00000000fed60000,0x00000000fed60000,0x00000000fed80000)
  to   space 128K, 0% used [0x00000000fee20000,0x00000000fee20000,0x00000000fee40000)
 ParOldGen       total 524288K, used 406520K [0x00000000d0000000, 0x00000000f0000000, 0x00000000f0000000)
  object space 524288K, 77% used [0x00000000d0000000,0x00000000e8cfe0e0,0x00000000f0000000)
 PSPermGen       total 262144K, used 262143K [0x00000000c0000000, 0x00000000d0000000, 0x00000000d0000000)
  object space 262144K, 99% used [0x00000000c0000000,0x00000000cfffff78,0x00000000d0000000)
GC Heap History (10 events):
Event: 20243.858 GC heap before
{Heap before GC invocations=510 (full 121):
 PSYoungGen      total 242560K, used 0K [0x00000000f0000000, 0x00000000feda0000, 0x0000000100000000)
  eden space 242432K, 0% used [0x00000000f0000000,0x00000000f0000000,0x00000000fecc0000)
  from space 128K, 0% used [0x00000000fecc0000,0x00000000fecc0000,0x00000000fece0000)
  to   space 128K, 0% used [0x00000000fed80000,0x00000000fed80000,0x00000000feda0000)
 ParOldGen       total 524288K, used 406519K [0x00000000d0000000, 0x00000000f0000000, 0x00000000f0000000)
  object space 524288K, 77% used [0x00000000d0000000,0x00000000e8cfdd08,0x00000000f0000000)
 PSPermGen       total 262144K, used 262143K [0x00000000c0000000, 0x00000000d0000000, 0x00000000d0000000)
  object space 262144K, 99% used [0x00000000c0000000,0x00000000cfffff78,0x00000000d0000000)
Event: 20244.178 GC heap after
Heap after GC invocations=510 (full 121):
 PSYoungGen      total 242560K, used 0K [0x00000000f0000000, 0x00000000feda0000, 0x0000000100000000)
  eden space 242432K, 0% used [0x00000000f0000000,0x00000000f0000000,0x00000000fecc0000)
  from space 128K, 0% used [0x00000000fecc0000,0x00000000fecc0000,0x00000000fece0000)
  to   space 128K, 0% used [0x00000000fed80000,0x00000000fed80000,0x00000000feda0000)
 ParOldGen       total 524288K, used 406518K [0x00000000d0000000, 0x00000000f0000000, 0x00000000f0000000)
  object space 524288K, 77% used [0x00000000d0000000,0x00000000e8cfdb68,0x00000000f0000000)
 PSPermGen       total 262144K, used 262143K [0x00000000c0000000, 0x00000000d0000000, 0x00000000d0000000)
  object space 262144K, 99% used [0x00000000c0000000,0x00000000cfffff78,0x00000000d0000000)
}
Event: 20244.179 GC heap before
{Heap before GC invocations=511 (full 121):
 PSYoungGen      total 242560K, used 159K [0x00000000f0000000, 0x00000000feda0000, 0x0000000100000000)
  eden space 242432K, 0% used [0x00000000f0000000,0x00000000f0027ea0,0x00000000fecc0000)
  from space 128K, 0% used [0x00000000fecc0000,0x00000000fecc0000,0x00000000fece0000)
  to   space 128K, 0% used [0x00000000fed80000,0x00000000fed80000,0x00000000feda0000)
 ParOldGen       total 524288K, used 406518K [0x00000000d0000000, 0x00000000f0000000, 0x00000000f0000000)
  object space 524288K, 77% used [0x00000000d0000000,0x00000000e8cfdb68,0x00000000f0000000)
 PSPermGen       total 262144K, used 262143K [0x00000000c0000000, 0x00000000d0000000, 0x00000000d0000000)
  object space 262144K, 99% used [0x00000000c0000000,0x00000000cfffff78,0x00000000d0000000)
Event: 20244.183 GC heap after
Heap after GC invocations=511 (full 121):
 PSYoungGen      total 243200K, used 32K [0x00000000f0000000, 0x00000000feda0000, 0x0000000100000000)
  eden space 243072K, 0% used [0x00000000f0000000,0x00000000f0000000,0x00000000fed60000)
  from space 128K, 25% used [0x00000000fed80000,0x00000000fed88000,0x00000000feda0000)
  to   space 128K, 0% used [0x00000000fed60000,0x00000000fed60000,0x00000000fed80000)
 ParOldGen       total 524288K, used 406518K [0x00000000d0000000, 0x00000000f0000000, 0x00000000f0000000)
  object space 524288K, 77% used [0x00000000d0000000,0x00000000e8cfdb68,0x00000000f0000000)
 PSPermGen       total 262144K, used 262143K [0x00000000c0000000, 0x00000000d0000000, 0x00000000d0000000)
  object space 262144K, 99% used [0x00000000c0000000,0x00000000cfffff78,0x00000000d0000000)
}
Event: 20244.183 GC heap before
{Heap before GC invocations=512 (full 122):
 PSYoungGen      total 243200K, used 32K [0x00000000f0000000, 0x00000000feda0000, 0x0000000100000000)
  eden space 243072K, 0% used [0x00000000f0000000,0x00000000f0000000,0x00000000fed60000)
  from space 128K, 25% used [0x00000000fed80000,0x00000000fed88000,0x00000000feda0000)
  to   space 128K, 0% used [0x00000000fed60000,0x00000000fed60000,0x00000000fed80000)
 ParOldGen       total 524288K, used 406518K [0x00000000d0000000, 0x00000000f0000000, 0x00000000f0000000)
  object space 524288K, 77% used [0x00000000d0000000,0x00000000e8cfdb68,0x00000000f0000000)
 PSPermGen       total 262144K, used 262143K [0x00000000c0000000, 0x00000000d0000000, 0x00000000d0000000)
  object space 262144K, 99% used [0x00000000c0000000,0x00000000cfffff78,0x00000000d0000000)
Event: 20244.503 GC heap after
Heap after GC invocations=512 (full 122):
 PSYoungGen      total 243200K, used 0K [0x00000000f0000000, 0x00000000feda0000, 0x0000000100000000)
  eden space 243072K, 0% used [0x00000000f0000000,0x00000000f0000000,0x00000000fed60000)
  from space 128K, 0% used [0x00000000fed80000,0x00000000fed80000,0x00000000feda0000)
  to   space 128K, 0% used [0x00000000fed60000,0x00000000fed60000,0x00000000fed80000)
 ParOldGen       total 524288K, used 406520K [0x00000000d0000000, 0x00000000f0000000, 0x00000000f0000000)
  object space 524288K, 77% used [0x00000000d0000000,0x00000000e8cfe2c8,0x00000000f0000000)
 PSPermGen       total 262144K, used 262143K [0x00000000c0000000, 0x00000000d0000000, 0x00000000d0000000)
  object space 262144K, 99% used [0x00000000c0000000,0x00000000cfffff78,0x00000000d0000000)
}
Event: 20244.503 GC heap before
{Heap before GC invocations=513 (full 122):
 PSYoungGen      total 243200K, used 0K [0x00000000f0000000, 0x00000000feda0000, 0x0000000100000000)
  eden space 243072K, 0% used [0x00000000f0000000,0x00000000f0000000,0x00000000fed60000)
  from space 128K, 0% used [0x00000000fed80000,0x00000000fed80000,0x00000000feda0000)
  to   space 128K, 0% used [0x00000000fed60000,0x00000000fed60000,0x00000000fed80000)
 ParOldGen       total 524288K, used 406520K [0x00000000d0000000, 0x00000000f0000000, 0x00000000f0000000)
  object space 524288K, 77% used [0x00000000d0000000,0x00000000e8cfe2c8,0x00000000f0000000)
 PSPermGen       total 262144K, used 262143K [0x00000000c0000000, 0x00000000d0000000, 0x00000000d0000000)
  object space 262144K, 99% used [0x00000000c0000000,0x00000000cfffff78,0x00000000d0000000)
Event: 20244.508 GC heap after
Heap after GC invocations=513 (full 122):
 PSYoungGen      total 243200K, used 0K [0x00000000f0000000, 0x00000000fee40000, 0x0000000100000000)
  eden space 243072K, 0% used [0x00000000f0000000,0x00000000f0000000,0x00000000fed60000)
  from space 128K, 0% used [0x00000000fed60000,0x00000000fed60000,0x00000000fed80000)
  to   space 128K, 0% used [0x00000000fee20000,0x00000000fee20000,0x00000000fee40000)
 ParOldGen       total 524288K, used 406520K [0x00000000d0000000, 0x00000000f0000000, 0x00000000f0000000)
  object space 524288K, 77% used [0x00000000d0000000,0x00000000e8cfe2c8,0x00000000f0000000)
 PSPermGen       total 262144K, used 262143K [0x00000000c0000000, 0x00000000d0000000, 0x00000000d0000000)
  object space 262144K, 99% used [0x00000000c0000000,0x00000000cfffff78,0x00000000d0000000)
}
Event: 20244.508 GC heap before
{Heap before GC invocations=514 (full 123):
 PSYoungGen      total 243200K, used 0K [0x00000000f0000000, 0x00000000fee40000, 0x0000000100000000)
  eden space 243072K, 0% used [0x00000000f0000000,0x00000000f0000000,0x00000000fed60000)
  from space 128K, 0% used [0x00000000fed60000,0x00000000fed60000,0x00000000fed80000)
  to   space 128K, 0% used [0x00000000fee20000,0x00000000fee20000,0x00000000fee40000)
 ParOldGen       total 524288K, used 406520K [0x00000000d0000000, 0x00000000f0000000, 0x00000000f0000000)
  object space 524288K, 77% used [0x00000000d0000000,0x00000000e8cfe2c8,0x00000000f0000000)
 PSPermGen       total 262144K, used 262143K [0x00000000c0000000, 0x00000000d0000000, 0x00000000d0000000)
  object space 262144K, 99% used [0x00000000c0000000,0x00000000cfffff78,0x00000000d0000000)
Event: 20244.826 GC heap after
Heap after GC invocations=514 (full 123):
 PSYoungGen      total 243200K, used 0K [0x00000000f0000000, 0x00000000fee40000, 0x0000000100000000)
  eden space 243072K, 0% used [0x00000000f0000000,0x00000000f0000000,0x00000000fed60000)
  from space 128K, 0% used [0x00000000fed60000,0x00000000fed60000,0x00000000fed80000)
  to   space 128K, 0% used [0x00000000fee20000,0x00000000fee20000,0x00000000fee40000)
 ParOldGen       total 524288K, used 406520K [0x00000000d0000000, 0x00000000f0000000, 0x00000000f0000000)
  object space 524288K, 77% used [0x00000000d0000000,0x00000000e8cfe0e0,0x00000000f0000000)
 PSPermGen       total 262144K, used 262143K [0x00000000c0000000, 0x00000000d0000000, 0x00000000d0000000)
  object space 262144K, 99% used [0x00000000c0000000,0x00000000cfffff78,0x00000000d0000000)
}

